Basic Parameters: 2024-09-21_14-38-07 model=cifar10-undefended-trades dataset=cifar10 n_ex=1000 eps=5.0 p=0.11 n_iter=20000
Clean accuracy: 94.75%
1: attack success rate=50.0%, average queries=1.1, median queries=1.0
2: attack success rate=54.3%, average queries=1.3, median queries=1.0
3: attack success rate=58.0%, average queries=1.4, median queries=1.0
4: attack success rate=61.5%, average queries=1.7, median queries=1.0
5: attack success rate=64.1%, average queries=1.8, median queries=1.0
6: attack success rate=66.6%, average queries=2.0, median queries=1.0
7: attack success rate=69.7%, average queries=2.3, median queries=1.0
8: attack success rate=71.2%, average queries=2.4, median queries=1.0
9: attack success rate=74.5%, average queries=2.8, median queries=1.0
10: attack success rate=76.3%, average queries=3.0, median queries=1.0
11: attack success rate=77.8%, average queries=3.1, median queries=1.0
12: attack success rate=79.0%, average queries=3.3, median queries=1.0
13: attack success rate=81.1%, average queries=3.6, median queries=1.0
14: attack success rate=82.0%, average queries=3.7, median queries=1.0
15: attack success rate=83.1%, average queries=3.8, median queries=1.0
16: attack success rate=84.2%, average queries=4.0, median queries=1.0
17: attack success rate=84.7%, average queries=4.1, median queries=1.0
18: attack success rate=85.3%, average queries=4.2, median queries=1.0
19: attack success rate=85.7%, average queries=4.3, median queries=1.0
20: attack success rate=86.4%, average queries=4.4, median queries=1.0
21: attack success rate=86.9%, average queries=4.5, median queries=1.0
22: attack success rate=87.8%, average queries=4.7, median queries=2.0
23: attack success rate=88.4%, average queries=4.8, median queries=2.0
24: attack success rate=89.0%, average queries=5.0, median queries=2.0
25: attack success rate=89.9%, average queries=5.2, median queries=2.0
26: attack success rate=90.0%, average queries=5.2, median queries=2.0
27: attack success rate=90.4%, average queries=5.3, median queries=2.0
28: attack success rate=90.8%, average queries=5.4, median queries=2.0
29: attack success rate=91.0%, average queries=5.5, median queries=2.0
30: attack success rate=92.0%, average queries=5.7, median queries=2.0
31: attack success rate=92.2%, average queries=5.8, median queries=2.0
32: attack success rate=92.6%, average queries=5.9, median queries=2.0
33: attack success rate=92.9%, average queries=6.0, median queries=2.0
34: attack success rate=93.4%, average queries=6.2, median queries=2.0
35: attack success rate=94.0%, average queries=6.4, median queries=2.0
36: attack success rate=94.5%, average queries=6.5, median queries=2.0
37: attack success rate=95.1%, average queries=6.7, median queries=2.0
38: attack success rate=95.3%, average queries=6.8, median queries=2.0
39: attack success rate=95.6%, average queries=6.9, median queries=2.0
40: attack success rate=96.0%, average queries=7.0, median queries=2.0
41: attack success rate=96.2%, average queries=7.1, median queries=2.0
42: attack success rate=96.5%, average queries=7.2, median queries=2.0
43: attack success rate=96.7%, average queries=7.3, median queries=2.0
44: attack success rate=96.7%, average queries=7.3, median queries=2.0
45: attack success rate=97.0%, average queries=7.4, median queries=2.0
46: attack success rate=97.2%, average queries=7.5, median queries=2.0
47: attack success rate=97.3%, average queries=7.5, median queries=2.0
48: attack success rate=97.3%, average queries=7.5, median queries=2.0
49: attack success rate=97.3%, average queries=7.5, median queries=2.0
50: attack success rate=97.5%, average queries=7.6, median queries=2.0
51: attack success rate=97.5%, average queries=7.6, median queries=2.0
52: attack success rate=97.5%, average queries=7.6, median queries=2.0
53: attack success rate=97.5%, average queries=7.6, median queries=2.0
54: attack success rate=97.5%, average queries=7.6, median queries=2.0
55: attack success rate=97.6%, average queries=7.7, median queries=2.0
56: attack success rate=97.7%, average queries=7.7, median queries=2.0
57: attack success rate=97.8%, average queries=7.8, median queries=2.0
58: attack success rate=97.8%, average queries=7.8, median queries=2.0
59: attack success rate=98.0%, average queries=7.9, median queries=2.0
60: attack success rate=98.3%, average queries=8.0, median queries=2.0
61: attack success rate=98.3%, average queries=8.0, median queries=2.0
62: attack success rate=98.3%, average queries=8.0, median queries=2.0
63: attack success rate=98.3%, average queries=8.0, median queries=2.0
64: attack success rate=98.3%, average queries=8.0, median queries=2.0
65: attack success rate=98.4%, average queries=8.1, median queries=2.0
66: attack success rate=98.4%, average queries=8.1, median queries=2.0
67: attack success rate=98.4%, average queries=8.1, median queries=2.0
68: attack success rate=98.4%, average queries=8.1, median queries=2.0
69: attack success rate=98.5%, average queries=8.2, median queries=2.0
70: attack success rate=98.8%, average queries=8.4, median queries=2.0
71: attack success rate=99.0%, average queries=8.5, median queries=2.0
72: attack success rate=99.0%, average queries=8.5, median queries=2.0
73: attack success rate=99.0%, average queries=8.5, median queries=2.0
74: attack success rate=99.0%, average queries=8.5, median queries=2.0
75: attack success rate=99.0%, average queries=8.5, median queries=2.0
76: attack success rate=99.1%, average queries=8.6, median queries=2.0
77: attack success rate=99.1%, average queries=8.6, median queries=2.0
78: attack success rate=99.1%, average queries=8.6, median queries=2.0
79: attack success rate=99.2%, average queries=8.6, median queries=2.0
80: attack success rate=99.2%, average queries=8.6, median queries=2.0
81: attack success rate=99.2%, average queries=8.6, median queries=2.0
82: attack success rate=99.2%, average queries=8.6, median queries=2.0
83: attack success rate=99.3%, average queries=8.7, median queries=2.0
84: attack success rate=99.3%, average queries=8.7, median queries=2.0
85: attack success rate=99.3%, average queries=8.7, median queries=2.0
86: attack success rate=99.3%, average queries=8.7, median queries=2.0
87: attack success rate=99.4%, average queries=8.8, median queries=2.0
88: attack success rate=99.4%, average queries=8.8, median queries=2.0
89: attack success rate=99.4%, average queries=8.8, median queries=2.0
90: attack success rate=99.5%, average queries=8.9, median queries=2.0
91: attack success rate=99.6%, average queries=8.9, median queries=2.0
92: attack success rate=99.6%, average queries=8.9, median queries=2.0
93: attack success rate=99.6%, average queries=8.9, median queries=2.0
94: attack success rate=99.6%, average queries=8.9, median queries=2.0
95: attack success rate=99.6%, average queries=8.9, median queries=2.0
96: attack success rate=99.7%, average queries=9.0, median queries=2.0
97: attack success rate=99.7%, average queries=9.0, median queries=2.0
98: attack success rate=99.7%, average queries=9.0, median queries=2.0
99: attack success rate=99.7%, average queries=9.0, median queries=2.0
100: attack success rate=99.7%, average queries=9.0, median queries=2.0
101: attack success rate=99.7%, average queries=9.0, median queries=2.0
102: attack success rate=99.7%, average queries=9.0, median queries=2.0
103: attack success rate=99.7%, average queries=9.0, median queries=2.0
104: attack success rate=99.7%, average queries=9.0, median queries=2.0
105: attack success rate=99.7%, average queries=9.0, median queries=2.0
106: attack success rate=99.7%, average queries=9.0, median queries=2.0
107: attack success rate=99.7%, average queries=9.0, median queries=2.0
108: attack success rate=99.7%, average queries=9.0, median queries=2.0
109: attack success rate=99.7%, average queries=9.0, median queries=2.0
110: attack success rate=99.7%, average queries=9.0, median queries=2.0
111: attack success rate=99.7%, average queries=9.0, median queries=2.0
112: attack success rate=99.7%, average queries=9.0, median queries=2.0
113: attack success rate=99.7%, average queries=9.0, median queries=2.0
114: attack success rate=99.7%, average queries=9.0, median queries=2.0
115: attack success rate=99.7%, average queries=9.0, median queries=2.0
116: attack success rate=99.7%, average queries=9.0, median queries=2.0
117: attack success rate=99.7%, average queries=9.0, median queries=2.0
118: attack success rate=99.7%, average queries=9.0, median queries=2.0
119: attack success rate=99.8%, average queries=9.1, median queries=2.0
120: attack success rate=99.8%, average queries=9.1, median queries=2.0
121: attack success rate=99.8%, average queries=9.1, median queries=2.0
122: attack success rate=99.8%, average queries=9.1, median queries=2.0
123: attack success rate=99.8%, average queries=9.1, median queries=2.0
124: attack success rate=99.8%, average queries=9.1, median queries=2.0
125: attack success rate=99.8%, average queries=9.1, median queries=2.0
126: attack success rate=99.8%, average queries=9.1, median queries=2.0
127: attack success rate=99.8%, average queries=9.1, median queries=2.0
128: attack success rate=99.8%, average queries=9.1, median queries=2.0
129: attack success rate=99.8%, average queries=9.1, median queries=2.0
130: attack success rate=99.8%, average queries=9.1, median queries=2.0
131: attack success rate=99.8%, average queries=9.1, median queries=2.0
132: attack success rate=99.8%, average queries=9.1, median queries=2.0
133: attack success rate=99.8%, average queries=9.1, median queries=2.0
134: attack success rate=99.8%, average queries=9.1, median queries=2.0
135: attack success rate=99.8%, average queries=9.1, median queries=2.0
136: attack success rate=99.8%, average queries=9.1, median queries=2.0
137: attack success rate=99.8%, average queries=9.1, median queries=2.0
138: attack success rate=99.8%, average queries=9.1, median queries=2.0
139: attack success rate=99.8%, average queries=9.1, median queries=2.0
140: attack success rate=99.8%, average queries=9.1, median queries=2.0
141: attack success rate=99.8%, average queries=9.1, median queries=2.0
142: attack success rate=99.8%, average queries=9.1, median queries=2.0
143: attack success rate=99.9%, average queries=9.3, median queries=2.0
144: attack success rate=99.9%, average queries=9.3, median queries=2.0
145: attack success rate=99.9%, average queries=9.3, median queries=2.0
146: attack success rate=99.9%, average queries=9.3, median queries=2.0
147: attack success rate=99.9%, average queries=9.3, median queries=2.0
148: attack success rate=99.9%, average queries=9.3, median queries=2.0
149: attack success rate=99.9%, average queries=9.3, median queries=2.0
150: attack success rate=99.9%, average queries=9.3, median queries=2.0
151: attack success rate=99.9%, average queries=9.3, median queries=2.0
152: attack success rate=99.9%, average queries=9.3, median queries=2.0
153: attack success rate=99.9%, average queries=9.3, median queries=2.0
154: attack success rate=99.9%, average queries=9.3, median queries=2.0
155: attack success rate=99.9%, average queries=9.3, median queries=2.0
156: attack success rate=99.9%, average queries=9.3, median queries=2.0
157: attack success rate=99.9%, average queries=9.3, median queries=2.0
158: attack success rate=99.9%, average queries=9.3, median queries=2.0
159: attack success rate=99.9%, average queries=9.3, median queries=2.0
160: attack success rate=99.9%, average queries=9.3, median queries=2.0
161: attack success rate=99.9%, average queries=9.3, median queries=2.0
162: attack success rate=99.9%, average queries=9.3, median queries=2.0
163: attack success rate=99.9%, average queries=9.3, median queries=2.0
164: attack success rate=99.9%, average queries=9.3, median queries=2.0
165: attack success rate=99.9%, average queries=9.3, median queries=2.0
166: attack success rate=99.9%, average queries=9.3, median queries=2.0
167: attack success rate=99.9%, average queries=9.3, median queries=2.0
168: attack success rate=99.9%, average queries=9.3, median queries=2.0
169: attack success rate=100.0%, average queries=9.4, median queries=2.5
 
Attack Success Rate: 100.0%
Average L2 Distance: 4.90
Average Queries: 9.4
Median Queries: 2.5
